<?xml version="1.0" encoding="UTF-8"?>
<testsuite name="PhoneBookTest" tests="1" skipped="0" failures="0" errors="0" timestamp="2021-12-21T15:46:55" hostname="C11031" time="613.285">
  <properties/>
  <testcase name="start" classname="PhoneBookTest" time="613.285"/>
  <system-out><![CDATA[?[1;31m
Start test 1?[0m
Start searching (linear search)...
Found 500 / 500 entries. Time taken: 0 min. 3 sec. 896 ms.
Start searching (bubble sort + jump search)...
Found 500 / 500 entries. Time taken: 10 min. 3 sec. 212 ms.
Sorting time: 10 min. 0 sec. 1 ms. - STOPPED, moved to linear search
Searching time: 0 min. 3 sec. 211 ms.
Start searching (quick sort + binary search)...
Found 500 / 500 entries. Time taken: 0 min. 3 sec. 300 ms.
Sorting time: 0 min. 3 sec. 291 ms.
Searching time: 0 min. 0 sec. 9 ms.
Start searching (hash table)...
Found 500 / 500 entries. Time taken: 0 min. 2 sec. 10 ms.
Creating time: 0 min. 2 sec. 8 ms.
Searching time: 0 min. 0 sec. 2 ms.
]]></system-out>
  <system-err><![CDATA[]]></system-err>
</testsuite>
